[0.008s] Invoking command in '/home/thinhcuong/bumperbot_ws/build/bumperbot_cpp_examples': AMENT_PREFIX_PATH=/home/thinhcuong/bumperbot_ws/install/bumperbot_msgs:${AMENT_PREFIX_PATH} CMAKE_PREFIX_PATH=/home/thinhcuong/bumperbot_ws/install/bumperbot_msgs:/opt/ros/humble LD_LIBRARY_PATH=/home/thinhcuong/bumperbot_ws/install/bumperbot_msgs/lib:${LD_LIBRARY_PATH} PYTHONPATH=/home/thinhcuong/bumperbot_ws/install/bumperbot_msgs/local/lib/python3.10/dist-packages:${PYTHONPATH} /usr/bin/cmake --build /home/thinhcuong/bumperbot_ws/build/bumperbot_cpp_examples -- -j12 -l12
[0.053s] [35m[1mConsolidate compiler generated dependencies of target simple_tf_kinematics[0m
[0.065s] [ 14%] Built target simple_turtlesim_kinematics
[0.065s] [ 28%] Built target simple_parameter
[0.066s] [ 42%] Built target simple_service_client
[0.066s] [ 57%] Built target simple_subscriber
[0.066s] [ 85%] Built target simple_service_server
[0.066s] [ 85%] Built target simple_publisher
[0.078s] [ 92%] [32mBuilding CXX object CMakeFiles/simple_tf_kinematics.dir/src/simple_tf_kinematics.cpp.o[0m
[2.192s] [01m[K/home/thinhcuong/bumperbot_ws/src/bumperbot_cpp_examples/src/simple_tf_kinematics.cpp:[m[K In constructor â€˜[01m[KSimpleTFKinematics::SimpleTFKinematics(const string&)[m[Kâ€™:
[2.192s] [01m[K/home/thinhcuong/bumperbot_ws/src/bumperbot_cpp_examples/src/simple_tf_kinematics.cpp:38:5:[m[K [01;31m[Kerror: [m[Kâ€˜[01m[Kget_transform_srv_[m[Kâ€™ was not declared in this scope; did you mean â€˜[01m[Kget_transform_srv[m[Kâ€™?
[2.192s]    38 |     [01;31m[Kget_transform_srv_[m[K = create_service<bumperbot_msgs::srv::GetTransform> ("get_transform", std::bind(&SimpleTFKinematics::getTransformCallback, this, _1, _2));
[2.192s]       |     [01;31m[K^~~~~~~~~~~~~~~~~~[m[K
[2.192s]       |     [32m[Kget_transform_srv[m[K
[2.929s] gmake[2]: *** [CMakeFiles/simple_tf_kinematics.dir/build.make:76: CMakeFiles/simple_tf_kinematics.dir/src/simple_tf_kinematics.cpp.o] Error 1
[2.930s] gmake[1]: *** [CMakeFiles/Makefile2:253: CMakeFiles/simple_tf_kinematics.dir/all] Error 2
[2.930s] gmake: *** [Makefile:146: all] Error 2
[2.932s] Invoked command in '/home/thinhcuong/bumperbot_ws/build/bumperbot_cpp_examples' returned '2': AMENT_PREFIX_PATH=/home/thinhcuong/bumperbot_ws/install/bumperbot_msgs:${AMENT_PREFIX_PATH} CMAKE_PREFIX_PATH=/home/thinhcuong/bumperbot_ws/install/bumperbot_msgs:/opt/ros/humble LD_LIBRARY_PATH=/home/thinhcuong/bumperbot_ws/install/bumperbot_msgs/lib:${LD_LIBRARY_PATH} PYTHONPATH=/home/thinhcuong/bumperbot_ws/install/bumperbot_msgs/local/lib/python3.10/dist-packages:${PYTHONPATH} /usr/bin/cmake --build /home/thinhcuong/bumperbot_ws/build/bumperbot_cpp_examples -- -j12 -l12
