[0.009s] Invoking command in '/home/thinhcuong/bumperbot_ws/build/bumperbot_cpp_examples': AMENT_PREFIX_PATH=/home/thinhcuong/bumperbot_ws/install/bumperbot_msgs:${AMENT_PREFIX_PATH} CMAKE_PREFIX_PATH=/home/thinhcuong/bumperbot_ws/install/bumperbot_msgs:/opt/ros/humble LD_LIBRARY_PATH=/home/thinhcuong/bumperbot_ws/install/bumperbot_msgs/lib:${LD_LIBRARY_PATH} PYTHONPATH=/home/thinhcuong/bumperbot_ws/install/bumperbot_msgs/local/lib/python3.10/dist-packages:${PYTHONPATH} /usr/bin/cmake --build /home/thinhcuong/bumperbot_ws/build/bumperbot_cpp_examples -- -j12 -l12
[0.064s] [  8%] [32mBuilding CXX object CMakeFiles/simple_service_server.dir/src/simple_service_server.cpp.o[0m
[0.065s] [ 41%] Built target simple_turtlesim_kinematics
[0.065s] [ 41%] Built target simple_parameter
[0.065s] [ 58%] Built target simple_subscriber
[0.069s] [ 75%] Built target simple_tf_kinematics
[0.069s] [ 91%] Built target simple_publisher
[1.867s] [01m[K/home/thinhcuong/bumperbot_ws/src/bumperbot_cpp_examples/src/simple_service_server.cpp:10:30:[m[K [01;31m[Kerror: [m[Kâ€˜[01m[Kself[m[Kâ€™ has not been declared
[1.867s]    10 |         void serviceCallback([01;31m[Kself[m[K, req, res);
[1.867s]       |                              [01;31m[K^~~~[m[K
[1.867s] [01m[K/home/thinhcuong/bumperbot_ws/src/bumperbot_cpp_examples/src/simple_service_server.cpp:10:36:[m[K [01;31m[Kerror: [m[Kâ€˜[01m[Kreq[m[Kâ€™ has not been declared
[1.867s]    10 |         void serviceCallback(self, [01;31m[Kreq[m[K, res);
[1.867s]       |                                    [01;31m[K^~~[m[K
[1.867s] [01m[K/home/thinhcuong/bumperbot_ws/src/bumperbot_cpp_examples/src/simple_service_server.cpp:10:41:[m[K [01;31m[Kerror: [m[Kâ€˜[01m[Kres[m[Kâ€™ has not been declared
[1.867s]    10 |         void serviceCallback(self, req, [01;31m[Kres[m[K);
[1.867s]       |                                         [01;31m[K^~~[m[K
[1.868s] [01m[K/home/thinhcuong/bumperbot_ws/src/bumperbot_cpp_examples/src/simple_service_server.cpp:11:2:[m[K [01;31m[Kerror: [m[Kexpected â€˜[01m[K;[m[Kâ€™ after class definition
[1.868s]    11 | }
[1.868s]       |  [01;31m[K^[m[K
[1.868s]       |  [32m[K;[m[K
[2.184s] gmake[2]: *** [CMakeFiles/simple_service_server.dir/build.make:76: CMakeFiles/simple_service_server.dir/src/simple_service_server.cpp.o] Error 1
[2.184s] gmake[1]: *** [CMakeFiles/Makefile2:277: CMakeFiles/simple_service_server.dir/all] Error 2
[2.184s] gmake: *** [Makefile:146: all] Error 2
[2.187s] Invoked command in '/home/thinhcuong/bumperbot_ws/build/bumperbot_cpp_examples' returned '2': AMENT_PREFIX_PATH=/home/thinhcuong/bumperbot_ws/install/bumperbot_msgs:${AMENT_PREFIX_PATH} CMAKE_PREFIX_PATH=/home/thinhcuong/bumperbot_ws/install/bumperbot_msgs:/opt/ros/humble LD_LIBRARY_PATH=/home/thinhcuong/bumperbot_ws/install/bumperbot_msgs/lib:${LD_LIBRARY_PATH} PYTHONPATH=/home/thinhcuong/bumperbot_ws/install/bumperbot_msgs/local/lib/python3.10/dist-packages:${PYTHONPATH} /usr/bin/cmake --build /home/thinhcuong/bumperbot_ws/build/bumperbot_cpp_examples -- -j12 -l12
