[0.009s] Invoking command in '/home/thinhcuong/bumperbot_ws/build/bumperbot_cpp_examples': AMENT_PREFIX_PATH=/home/thinhcuong/bumperbot_ws/install/bumperbot_msgs:${AMENT_PREFIX_PATH} CMAKE_PREFIX_PATH=/home/thinhcuong/bumperbot_ws/install/bumperbot_msgs:/opt/ros/humble LD_LIBRARY_PATH=/home/thinhcuong/bumperbot_ws/install/bumperbot_msgs/lib:${LD_LIBRARY_PATH} PYTHONPATH=/home/thinhcuong/bumperbot_ws/install/bumperbot_msgs/local/lib/python3.10/dist-packages:${PYTHONPATH} /usr/bin/cmake --build /home/thinhcuong/bumperbot_ws/build/bumperbot_cpp_examples -- -j12 -l12
[0.071s] [35m[1mConsolidate compiler generated dependencies of target simple_service_server[0m
[0.091s] [ 33%] [32mBuilding CXX object CMakeFiles/simple_parameter.dir/src/simple_parameter.cpp.o[0m
[0.091s] [ 41%] Built target simple_tf_kinematics
[0.091s] [ 41%] Built target simple_subscriber
[0.094s] [ 58%] Built target simple_publisher
[0.097s] [ 75%] Built target simple_turtlesim_kinematics
[0.098s] [ 83%] [32mBuilding CXX object CMakeFiles/simple_service_server.dir/src/simple_service_server.cpp.o[0m
[2.303s] [01m[K/home/thinhcuong/bumperbot_ws/src/bumperbot_cpp_examples/src/simple_service_server.cpp:[m[K In constructor â€˜[01m[KSimpleServiceServer::SimpleServiceServer()[m[Kâ€™:
[2.303s] [01m[K/home/thinhcuong/bumperbot_ws/src/bumperbot_cpp_examples/src/simple_service_server.cpp:15:9:[m[K [01;31m[Kerror: [m[Kexpected â€˜[01m[K;[m[Kâ€™ before â€˜[01m[K}[m[Kâ€™ token
[2.303s]    15 |         [01;31m[K}[m[K
[2.304s]       |         [01;31m[K^[m[K
[2.788s] [ 91%] [32m[1mLinking CXX executable simple_parameter[0m
[2.798s] gmake[2]: *** [CMakeFiles/simple_service_server.dir/build.make:76: CMakeFiles/simple_service_server.dir/src/simple_service_server.cpp.o] Error 1
[2.798s] gmake[1]: *** [CMakeFiles/Makefile2:277: CMakeFiles/simple_service_server.dir/all] Error 2
[2.799s] gmake[1]: *** Waiting for unfinished jobs....
[2.988s] [ 91%] Built target simple_parameter
[2.990s] gmake: *** [Makefile:146: all] Error 2
[2.991s] Invoked command in '/home/thinhcuong/bumperbot_ws/build/bumperbot_cpp_examples' returned '2': AMENT_PREFIX_PATH=/home/thinhcuong/bumperbot_ws/install/bumperbot_msgs:${AMENT_PREFIX_PATH} CMAKE_PREFIX_PATH=/home/thinhcuong/bumperbot_ws/install/bumperbot_msgs:/opt/ros/humble LD_LIBRARY_PATH=/home/thinhcuong/bumperbot_ws/install/bumperbot_msgs/lib:${LD_LIBRARY_PATH} PYTHONPATH=/home/thinhcuong/bumperbot_ws/install/bumperbot_msgs/local/lib/python3.10/dist-packages:${PYTHONPATH} /usr/bin/cmake --build /home/thinhcuong/bumperbot_ws/build/bumperbot_cpp_examples -- -j12 -l12
