[35m[1mConsolidate compiler generated dependencies of target simple_turtlesim_kinematics[0m
[ 50%] Built target simple_publisher
[ 50%] Built target simple_parameter
[ 75%] Built target simple_subscriber
[ 87%] [32mBuilding CXX object CMakeFiles/simple_turtlesim_kinematics.dir/src/simple_turtlesim_kinematics.cpp.o[0m
[01m[K/home/thinhcuong/bumperbot_ws/src/bumperbot_cpp_examples/src/simple_turtlesim_kinematics.cpp:2:10:[m[K [01;31m[Kfatal error: [m[Kmath.hpp: No such file or directory
    2 | #include [01;31m[K<math.hpp>[m[K
      |          [01;31m[K^~~~~~~~~~[m[K
compilation terminated.
gmake[2]: *** [CMakeFiles/simple_turtlesim_kinematics.dir/build.make:76: CMakeFiles/simple_turtlesim_kinematics.dir/src/simple_turtlesim_kinematics.cpp.o] Error 1
gmake[1]: *** [CMakeFiles/Makefile2:221: CMakeFiles/simple_turtlesim_kinematics.dir/all] Error 2
gmake: *** [Makefile:146: all] Error 2
