[35m[1mConsolidate compiler generated dependencies of target simple_tf_kinematics[0m
[ 14%] Built target simple_subscriber
[ 42%] Built target simple_service_client
[ 42%] Built target simple_publisher
[ 57%] Built target simple_parameter
[ 71%] Built target simple_turtlesim_kinematics
[ 85%] Built target simple_service_server
[ 92%] [32mBuilding CXX object CMakeFiles/simple_tf_kinematics.dir/src/simple_tf_kinematics.cpp.o[0m
[01m[K/home/thinhcuong/bumperbot_ws/src/bumperbot_cpp_examples/src/simple_tf_kinematics.cpp:[m[K In constructor â€˜[01m[KSimpleTFKinematics::SimpleTFKinematics(const string&)[m[Kâ€™:
[01m[K/home/thinhcuong/bumperbot_ws/src/bumperbot_cpp_examples/src/simple_tf_kinematics.cpp:38:5:[m[K [01;31m[Kerror: [m[Kâ€˜[01m[Kget_transform_srv_[m[Kâ€™ was not declared in this scope; did you mean â€˜[01m[Kget_transform_Srv[m[Kâ€™?
   38 |     [01;31m[Kget_transform_srv_[m[K = create_service<bumperbot_msgs::srv::GetTransform> ("get_transform", std::bind(&SimpleTFKinematics::getTransformCallback, this, _1, _2));
      |     [01;31m[K^~~~~~~~~~~~~~~~~~[m[K
      |     [32m[Kget_transform_Srv[m[K
gmake[2]: *** [CMakeFiles/simple_tf_kinematics.dir/build.make:76: CMakeFiles/simple_tf_kinematics.dir/src/simple_tf_kinematics.cpp.o] Error 1
gmake[1]: *** [CMakeFiles/Makefile2:253: CMakeFiles/simple_tf_kinematics.dir/all] Error 2
gmake: *** [Makefile:146: all] Error 2
